This file contains any messages produced by compilers while
running configure, to aid debugging if configure makes a mistake.

It was created by configure, which was
generated by GNU Autoconf 2.64.  Invocation command line was

  $ ../gcc-linaro-5.1-2015.08/configure --build=i686-pc-mingw32 --host=i686-pc-mingw32 --target=arm-none-eabi --prefix=/opt/arm-none-eabi --disable-multilib --enable-languages=c,c++ --with-isl=/c/Users/Oliver/Documents/Development/toolchain/build/locallib --with-newlib --disable-newlib-supplied-syscalls --with-gnu-as --with-gnu-ld --disable-nls --disable-shared --enable-threads --enable-lto --with-headers=newlib/libc/include --disable-libssp --disable-libstdcxx-pch --disable-libmudflap --disable-libgomp --disable-werror --disable-nls --with-arch=armv7-a --with-tune=cortex-a9 --with-fpu=neon-fp16 --with-float=hard --with-gmp=/c/Users/Oliver/Documents/Development/toolchain/build/locallib --with-mpfr=/c/Users/Oliver/Documents/Development/toolchain/build/locallib --with-mpc=/c/Users/Oliver/Documents/Development/toolchain/build/locallib

## --------- ##
## Platform. ##
## --------- ##

hostname = OLIVERSCHWABB41
uname -m = i686
uname -r = 1.0.17(0.48/3/2)
uname -s = MINGW32_NT-6.1
uname -v = 2011-04-24 23:39

/usr/bin/uname -p = unknown
/bin/uname -X     = unknown

/bin/arch              = unknown
/usr/bin/arch -k       = unknown
/usr/convex/getsysinfo = unknown
/usr/bin/hostinfo      = unknown
/bin/machine           = unknown
/usr/bin/oslevel       = unknown
/bin/universe          = unknown

PATH: /opt/arm-none-eabi/bin
PATH: .
PATH: /usr/local/bin
PATH: /mingw/bin
PATH: /bin
PATH: /c/Program Files/Parallels/Parallels Tools/Applications
PATH: /c/Windows/system32
PATH: /c/Windows
PATH: /c/Windows/system32/wbem
PATH: /c/Windows/system32/windowspowershell/v1.0/
PATH: /c/Program Files/MATLAB/R2015b/bin
PATH: /c/Program Files/MATLAB/R2014b/bin
PATH: /c/Program Files/MATLAB/R2014a/bin
PATH: /c/Program Files/MATLAB/R2013b/bin
PATH: /c/Program Files/MATLAB/R2006b/bin
PATH: /c/Program Files/MATLAB/R2006b/bin/win32
PATH: /c/program files/matlab/r2006a/bin/win32
PATH: /c/matlab/matlab7/bin/win32
PATH: /c/program files/matlab/r2012a/bin
PATH: /c/program files/matlab/r2007b/bin
PATH: /c/program files/matlab/r2007b/bin/win32
PATH: /c/matlab/matlab6p5p2/bin/win32
PATH: /c/Program Files/Microsoft Windows Performance Toolkit/
PATH: /c/Program Files/TortoiseSVN/bin


## ----------- ##
## Core tests. ##
## ----------- ##

configure:2292: checking build system type
configure:2306: result: i686-pc-mingw32
configure:2353: checking host system type
configure:2366: result: i686-pc-mingw32
configure:2386: checking target system type
configure:2399: result: arm-none-eabi
configure:2453: checking for a BSD-compatible install
configure:2521: result: /bin/install -c
configure:2532: checking whether ln works
configure:2554: result: yes
configure:2558: checking whether ln -s works
configure:2565: result: no, using cp -p
configure:2569: checking for a sed that does not truncate output
configure:2633: result: /bin/sed
configure:2642: checking for gawk
configure:2658: found /bin/gawk
configure:2669: result: gawk
configure:3183: checking for libatomic support
configure:3189: result: no
configure:3202: checking for libcilkrts support
configure:3208: result: no
configure:3240: checking for libitm support
configure:3246: result: no
configure:3259: checking for libsanitizer support
configure:3265: result: no
configure:3278: checking for libvtv support
configure:3284: result: no
configure:4034: checking for i686-pc-mingw32-gcc
configure:4064: result: no
configure:4074: checking for gcc
configure:4090: found /mingw/bin/gcc
configure:4101: result: gcc
configure:4330: checking for C compiler version
configure:4339: gcc --version >&5
gcc.exe (GCC) 4.9.3
Copyright (C) 2015 Free Software Foundation, Inc.
This is free software; see the source for copying conditions.  There is NO
warranty; not even for MERCHANTABILITY or FITNESS FOR A PARTICULAR PURPOSE.

configure:4350: $? = 0
configure:4339: gcc -v >&5
Using built-in specs.
COLLECT_GCC=C:\MinGW\bin\gcc.exe
COLLECT_LTO_WRAPPER=c:/mingw/bin/../libexec/gcc/mingw32/4.9.3/lto-wrapper.exe
Target: mingw32
Configured with: ../src/gcc-4.9.3/configure --build=x86_64-pc-linux-gnu --host=mingw32 --prefix=/mingw --disable-win32-registry --target=mingw32 --with-arch=i586 --enable-languages=c,c++,objc,obj-c++,fortran,ada --enable-static --enable-shared --enable-threads --with-dwarf2 --disable-sjlj-exceptions --enable-version-specific-runtime-libs --enable-libstdcxx-debug --with-tune=generic --enable-nls
Thread model: win32
gcc version 4.9.3 (GCC) 
configure:4350: $? = 0
configure:4339: gcc -V >&5
gcc.exe: error: unrecognized command line option '-V'
gcc.exe: fatal error: no input files
compilation terminated.
configure:4350: $? = 1
configure:4339: gcc -qversion >&5
gcc.exe: error: unrecognized command line option '-qversion'
gcc.exe: fatal error: no input files
compilation terminated.
configure:4350: $? = 1
configure:4370: checking for C compiler default output file name
configure:4392: gcc -O2   conftest.c  >&5
configure:4396: $? = 0
configure:4433: result: a.exe
configure:4449: checking whether the C compiler works
configure:4458: ./a.exe
configure:4462: $? = 0
configure:4477: result: yes
configure:4484: checking whether we are cross compiling
configure:4486: result: no
configure:4489: checking for suffix of executables
configure:4496: gcc -o conftest.exe -O2   conftest.c  >&5
configure:4500: $? = 0
configure:4522: result: .exe
configure:4528: checking for suffix of object files
configure:4550: gcc -c -O2  conftest.c >&5
configure:4554: $? = 0
configure:4575: result: o
configure:4579: checking whether we are using the GNU C compiler
configure:4598: gcc -c -O2  conftest.c >&5
configure:4598: $? = 0
configure:4607: result: yes
configure:4616: checking whether gcc accepts -g
configure:4636: gcc -c -g  conftest.c >&5
configure:4636: $? = 0
configure:4677: result: yes
configure:4694: checking for gcc option to accept ISO C89
configure:4758: gcc  -c -O2  conftest.c >&5
configure:4758: $? = 0
configure:4771: result: none needed
configure:4805: checking for i686-pc-mingw32-g++
configure:4835: result: no
configure:4805: checking for i686-pc-mingw32-c++
configure:4835: result: no
configure:4805: checking for i686-pc-mingw32-gpp
configure:4835: result: no
configure:4805: checking for i686-pc-mingw32-aCC
configure:4835: result: no
configure:4805: checking for i686-pc-mingw32-CC
configure:4835: result: no
configure:4805: checking for i686-pc-mingw32-cxx
configure:4835: result: no
configure:4805: checking for i686-pc-mingw32-cc++
configure:4835: result: no
configure:4805: checking for i686-pc-mingw32-cl.exe
configure:4835: result: no
configure:4805: checking for i686-pc-mingw32-FCC
configure:4835: result: no
configure:4805: checking for i686-pc-mingw32-KCC
configure:4835: result: no
configure:4805: checking for i686-pc-mingw32-RCC
configure:4835: result: no
configure:4805: checking for i686-pc-mingw32-xlC_r
configure:4835: result: no
configure:4805: checking for i686-pc-mingw32-xlC
configure:4835: result: no
configure:4849: checking for g++
configure:4865: found /mingw/bin/g++
configure:4876: result: g++
configure:4903: checking for C++ compiler version
configure:4912: g++ --version >&5
g++.exe (GCC) 4.9.3
Copyright (C) 2015 Free Software Foundation, Inc.
This is free software; see the source for copying conditions.  There is NO
warranty; not even for MERCHANTABILITY or FITNESS FOR A PARTICULAR PURPOSE.

configure:4923: $? = 0
configure:4912: g++ -v >&5
Using built-in specs.
COLLECT_GCC=C:\MinGW\bin\g++.exe
COLLECT_LTO_WRAPPER=c:/mingw/bin/../libexec/gcc/mingw32/4.9.3/lto-wrapper.exe
Target: mingw32
Configured with: ../src/gcc-4.9.3/configure --build=x86_64-pc-linux-gnu --host=mingw32 --prefix=/mingw --disable-win32-registry --target=mingw32 --with-arch=i586 --enable-languages=c,c++,objc,obj-c++,fortran,ada --enable-static --enable-shared --enable-threads --with-dwarf2 --disable-sjlj-exceptions --enable-version-specific-runtime-libs --enable-libstdcxx-debug --with-tune=generic --enable-nls
Thread model: win32
gcc version 4.9.3 (GCC) 
configure:4923: $? = 0
configure:4912: g++ -V >&5
g++.exe: error: unrecognized command line option '-V'
g++.exe: fatal error: no input files
compilation terminated.
configure:4923: $? = 1
configure:4912: g++ -qversion >&5
g++.exe: error: unrecognized command line option '-qversion'
g++.exe: fatal error: no input files
compilation terminated.
configure:4923: $? = 1
configure:4927: checking whether we are using the GNU C++ compiler
configure:4946: g++ -c -O2  conftest.cpp >&5
configure:4946: $? = 0
configure:4955: result: yes
configure:4964: checking whether g++ accepts -g
configure:4984: g++ -c -g  conftest.cpp >&5
configure:4984: $? = 0
configure:5025: result: yes
configure:5074: checking whether g++ accepts -static-libstdc++ -static-libgcc
configure:5091: g++ -o conftest.exe -O2   -static-libstdc++ -static-libgcc conftest.cpp  >&5
configure:5091: $? = 0
configure:5092: result: yes
configure:5116: checking for i686-pc-mingw32-gnatbind
configure:5146: result: no
configure:5156: checking for gnatbind
configure:5186: result: no
configure:5208: checking for i686-pc-mingw32-gnatmake
configure:5238: result: no
configure:5248: checking for gnatmake
configure:5278: result: no
configure:5297: checking whether compiler driver understands Ada
configure:5320: result: no
configure:5329: checking how to compare bootstrapped objects
configure:5354: result: cmp --ignore-initial=16 $$f1 $$f2
configure:5408: checking for objdir
configure:5423: result: .libs
configure:5597: checking for the correct version of gmp.h
configure:5617: gcc -c -O2 -I/c/Users/Oliver/Documents/Development/toolchain/build/locallib/include -I/c/Users/Oliver/Documents/Development/toolchain/build/locallib/include -I/c/Users/Oliver/Documents/Development/toolchain/build/locallib/include   conftest.c >&5
configure:5617: $? = 0
configure:5635: gcc -c -O2 -I/c/Users/Oliver/Documents/Development/toolchain/build/locallib/include -I/c/Users/Oliver/Documents/Development/toolchain/build/locallib/include -I/c/Users/Oliver/Documents/Development/toolchain/build/locallib/include   conftest.c >&5
configure:5635: $? = 0
configure:5636: result: yes
configure:5652: checking for the correct version of mpfr.h
configure:5670: gcc -c -O2 -I/c/Users/Oliver/Documents/Development/toolchain/build/locallib/include -I/c/Users/Oliver/Documents/Development/toolchain/build/locallib/include -I/c/Users/Oliver/Documents/Development/toolchain/build/locallib/include   conftest.c >&5
configure:5670: $? = 0
configure:5687: gcc -c -O2 -I/c/Users/Oliver/Documents/Development/toolchain/build/locallib/include -I/c/Users/Oliver/Documents/Development/toolchain/build/locallib/include -I/c/Users/Oliver/Documents/Development/toolchain/build/locallib/include   conftest.c >&5
configure:5687: $? = 0
configure:5688: result: yes
configure:5705: checking for the correct version of mpc.h
configure:5722: gcc -c -O2 -I/c/Users/Oliver/Documents/Development/toolchain/build/locallib/include -I/c/Users/Oliver/Documents/Development/toolchain/build/locallib/include -I/c/Users/Oliver/Documents/Development/toolchain/build/locallib/include   conftest.c >&5
configure:5722: $? = 0
configure:5738: gcc -c -O2 -I/c/Users/Oliver/Documents/Development/toolchain/build/locallib/include -I/c/Users/Oliver/Documents/Development/toolchain/build/locallib/include -I/c/Users/Oliver/Documents/Development/toolchain/build/locallib/include   conftest.c >&5
configure:5738: $? = 0
configure:5739: result: yes
configure:5757: checking for the correct version of the gmp/mpfr/mpc libraries
configure:5788: gcc -o conftest.exe -O2 -I/c/Users/Oliver/Documents/Development/toolchain/build/locallib/include -I/c/Users/Oliver/Documents/Development/toolchain/build/locallib/include -I/c/Users/Oliver/Documents/Development/toolchain/build/locallib/include    conftest.c  -L/c/Users/Oliver/Documents/Development/toolchain/build/locallib/lib -L/c/Users/Oliver/Documents/Development/toolchain/build/locallib/lib -L/c/Users/Oliver/Documents/Development/toolchain/build/locallib/lib -lmpc -lmpfr -lgmp >&5
configure:5788: $? = 0
configure:5789: result: yes
configure:5989: checking for compatible ISL
configure:6002: gcc -o conftest.exe -O2 -I/c/Users/Oliver/Documents/Development/toolchain/build/locallib/include -I/c/Users/Oliver/Documents/Development/toolchain/build/locallib/include -I/c/Users/Oliver/Documents/Development/toolchain/build/locallib/include -I/c/Users/Oliver/Documents/Development/toolchain/build/locallib/include    -L/c/Users/Oliver/Documents/Development/toolchain/build/locallib/lib -lisl conftest.c  -lisl >&5
configure:6002: $? = 0
configure:6009: result: yes
